<?xml version="1.0" encoding="UTF-8"?>
<!-- Generated by org.testng.reporters.JUnitReportReporter -->
<testsuite hostname="DESKTOP-IU0PMJ8" failures="0" tests="1" name="get.schema" time="0.031" errors="0" timestamp="2022-10-07T21:11:50 IST" skipped="0">
  <testcase classname="get.schema" name="foreignplayers" time="0.031"/>
  <system-out/>
</testsuite> <!-- get.schema -->
